<?xml version="1.0" encoding="UTF-8"?>
<!-- Generated by org.testng.reporters.JUnitXMLReporter -->
<testsuite hostname="Ragu" ignored="0" name="Default test" tests="3" failures="0" timestamp="15 Aug 2018 18:31:29 GMT" time="0.156" errors="0">
  <testcase name="swapingWithout3Varible" time="0.029" classname="coding.SwapingWithoutVarible"/>
  <testcase name="swapingWithout3rdVarible" time="0.0" classname="coding.SwapingWithoutVarible"/>
  <testcase name="swapingWithoutTempVarible" time="0.0" classname="coding.SwapingWithoutVarible"/>
</testsuite> <!-- Default test -->
