<?xml version="1.0" encoding="UTF-8"?>
<!-- Generated by org.testng.reporters.JUnitXMLReporter -->
<testsuite hostname="Ragu" ignored="0" name="LeadSequence" tests="2" failures="1" timestamp="21 Jul 2018 15:11:14 GMT" time="142.271" errors="0">
  <testcase name="createLead" time="39.81" classname="testcase.CreateLead"/>
  <testcase name="editLead" time="78.587" classname="testcase.EditLead">
    <failure type="java.lang.NullPointerException">
      <![CDATA[java.lang.NullPointerException
at wdMethods.SeMethods.verifyExactText(SeMethods.java:216)
at testcase.EditLead.editLead(EditLead.java:48)
... Removed 25 stack frames]]>
    </failure>
  </testcase> <!-- editLead -->
</testsuite> <!-- LeadSequence -->
