<?xml version="1.0" encoding="UTF-8"?>
<!-- Generated by org.testng.reporters.JUnitXMLReporter -->
<testsuite hostname="Ragu" ignored="0" name="LeadParallel" tests="2" failures="2" timestamp="21 Jul 2018 15:12:35 GMT" time="81.638" errors="0">
  <testcase name="mergeLead" time="53.183" classname="testcase.MergeLead">
    <failure type="java.lang.NullPointerException">
      <![CDATA[java.lang.NullPointerException
at wdMethods.SeMethods.verifyExactText(SeMethods.java:216)
at testcase.MergeLead.mergeLead(MergeLead.java:65)
at java.util.concurrent.ThreadPoolExecutor.runWorker(Unknown Source)
at java.util.concurrent.ThreadPoolExecutor$Worker.run(Unknown Source)
at java.lang.Thread.run(Unknown Source)
... Removed 10 stack frames]]>
    </failure>
  </testcase> <!-- mergeLead -->
  <testcase name="deleteLead" time="67.003" classname="testcase.DeleteLead">
    <failure type="java.lang.NullPointerException">
      <![CDATA[java.lang.NullPointerException
at wdMethods.SeMethods.verifyExactText(SeMethods.java:216)
at testcase.DeleteLead.deleteLead(DeleteLead.java:52)
at java.util.concurrent.ThreadPoolExecutor.runWorker(Unknown Source)
at java.util.concurrent.ThreadPoolExecutor$Worker.run(Unknown Source)
at java.lang.Thread.run(Unknown Source)
... Removed 10 stack frames]]>
    </failure>
  </testcase> <!-- deleteLead -->
</testsuite> <!-- LeadParallel -->
