<?xml version="1.0" encoding="UTF-8"?>
<!-- Generated by org.testng.reporters.JUnitXMLReporter -->
<testsuite hostname="Ragu" ignored="1" name="Leads" tests="2" failures="1" timestamp="21 Jul 2018 06:45:24 GMT" time="132.017" errors="0">
  <testcase name="createLead" time="80.07" classname="testcase.CreateLead"/>
  <testcase name="deleteLead" time="91.778" classname="testcase.DeleteLead">
    <failure type="java.lang.NullPointerException">
      <![CDATA[java.lang.NullPointerException
at wdMethods.SeMethods.verifyExactText(SeMethods.java:216)
at testcase.DeleteLead.deleteLead(DeleteLead.java:51)
at java.util.concurrent.ThreadPoolExecutor.runWorker(Unknown Source)
at java.util.concurrent.ThreadPoolExecutor$Worker.run(Unknown Source)
at java.lang.Thread.run(Unknown Source)
... Removed 14 stack frames]]>
    </failure>
  </testcase> <!-- deleteLead -->
  <testcase name="mergeLead" time="0.0" classname="testcase.MergeLead">
    <ignored/>
  </testcase> <!-- mergeLead -->
</testsuite> <!-- Leads -->
