<?xml version="1.0" encoding="UTF-8"?>
<testng-results skipped="0" failed="0" ignored="0" total="3" passed="3">
  <reporter-output>
  </reporter-output>
  <suite name="Default suite" duration-ms="156" started-at="2018-08-15T18:31:28Z" finished-at="2018-08-15T18:31:28Z">
    <groups>
    </groups>
    <test name="Default test" duration-ms="156" started-at="2018-08-15T18:31:28Z" finished-at="2018-08-15T18:31:28Z">
      <class name="coding.SwapingWithoutVarible">
        <test-method status="PASS" signature="startTimer()[pri:0, instance:coding.SwapingWithoutVarible@153f17c]" name="startTimer" is-config="true" duration-ms="16" started-at="2018-08-15T18:31:28Z" finished-at="2018-08-15T18:31:28Z">
          <reporter-output>
          </reporter-output>
        </test-method> <!-- startTimer -->
        <test-method status="PASS" signature="swapingWithout3Varible()[pri:0, instance:coding.SwapingWithoutVarible@153f17c]" name="swapingWithout3Varible" duration-ms="29" started-at="2018-08-15T18:31:28Z" finished-at="2018-08-15T18:31:28Z">
          <reporter-output>
          </reporter-output>
        </test-method> <!-- swapingWithout3Varible -->
        <test-method status="PASS" signature="startTimer()[pri:0, instance:coding.SwapingWithoutVarible@153f17c]" name="startTimer" is-config="true" duration-ms="0" started-at="2018-08-15T18:31:28Z" finished-at="2018-08-15T18:31:28Z">
          <reporter-output>
          </reporter-output>
        </test-method> <!-- startTimer -->
        <test-method status="PASS" signature="swapingWithout3rdVarible()[pri:0, instance:coding.SwapingWithoutVarible@153f17c]" name="swapingWithout3rdVarible" duration-ms="0" started-at="2018-08-15T18:31:28Z" finished-at="2018-08-15T18:31:28Z">
          <reporter-output>
          </reporter-output>
        </test-method> <!-- swapingWithout3rdVarible -->
        <test-method status="PASS" signature="endTimer()[pri:0, instance:coding.SwapingWithoutVarible@153f17c]" name="endTimer" is-config="true" duration-ms="0" started-at="2018-08-15T18:31:28Z" finished-at="2018-08-15T18:31:28Z">
          <reporter-output>
          </reporter-output>
        </test-method> <!-- endTimer -->
        <test-method status="PASS" signature="startTimer()[pri:0, instance:coding.SwapingWithoutVarible@153f17c]" name="startTimer" is-config="true" duration-ms="0" started-at="2018-08-15T18:31:28Z" finished-at="2018-08-15T18:31:28Z">
          <reporter-output>
          </reporter-output>
        </test-method> <!-- startTimer -->
        <test-method status="PASS" signature="endTimer()[pri:0, instance:coding.SwapingWithoutVarible@153f17c]" name="endTimer" is-config="true" duration-ms="0" started-at="2018-08-15T18:31:28Z" finished-at="2018-08-15T18:31:28Z">
          <reporter-output>
          </reporter-output>
        </test-method> <!-- endTimer -->
        <test-method status="PASS" signature="swapingWithoutTempVarible()[pri:0, instance:coding.SwapingWithoutVarible@153f17c]" name="swapingWithoutTempVarible" duration-ms="0" started-at="2018-08-15T18:31:28Z" finished-at="2018-08-15T18:31:28Z">
          <reporter-output>
          </reporter-output>
        </test-method> <!-- swapingWithoutTempVarible -->
        <test-method status="PASS" signature="endTimer()[pri:0, instance:coding.SwapingWithoutVarible@153f17c]" name="endTimer" is-config="true" duration-ms="0" started-at="2018-08-15T18:31:28Z" finished-at="2018-08-15T18:31:28Z">
          <reporter-output>
          </reporter-output>
        </test-method> <!-- endTimer -->
      </class> <!-- coding.SwapingWithoutVarible -->
    </test> <!-- Default test -->
  </suite> <!-- Default suite -->
</testng-results>
